<?xml version="1.0" encoding="UTF-8"?>
<!-- Generated by org.testng.reporters.JUnitReportReporter -->
<testsuite hostname="lalithakumari-macmini.roam.corp.google.com" failures="0" tests="1" name="com.qa.restapitest.RestapiTest" time="0.016" errors="0" timestamp="14 Aug 2019 10:07:07 GMT" skipped="0">
  <testcase classname="com.qa.restapitest.RestapiTest" name="testconfig" time="0.016"/>
</testsuite> <!-- com.qa.restapitest.RestapiTest -->
