<?xml version="1.0" encoding="UTF-8"?>
<!-- Generated by org.testng.reporters.JUnitReportReporter -->
<testsuite hostname="lalithakumari-macmini.roam.corp.google.com" failures="0" tests="1" name="com.qa.pagestest.ContactPageTest" time="0.013" errors="0" timestamp="06 Sep 2019 09:47:10 GMT" skipped="0">
  <testcase classname="com.qa.pagestest.ContactPageTest" name="contactpage_test" time="0.013"/>
</testsuite> <!-- com.qa.pagestest.ContactPageTest -->
