<?xml version="1.0" encoding="UTF-8"?>
<!-- Generated by org.testng.reporters.JUnitReportReporter -->
<testsuite hostname="Home-PC" failures="0" tests="1" name="com.qa.pagestest.PagesTest" time="13.664" errors="0" timestamp="2019-09-07T20:54:54 IST" skipped="0">
  <testcase classname="com.qa.pagestest.PagesTest" name="login_test" time="13.664"/>
</testsuite> <!-- com.qa.pagestest.PagesTest -->
